AH00112: Warning: DocumentRoot [/var/www/html/public/] does not exist
AH00558: apache2: Could not reliably determine the server's fully qualified domain name, using 172.18.0.2. Set the 'ServerName' directive globally to suppress this message
[Sat Nov 16 09:49:02.657773 2024] [mpm_prefork:notice] [pid 1] AH00163: Apache/2.4.25 (Debian) PHP/5.6.40 configured -- resuming normal operations
[Sat Nov 16 09:49:02.657994 2024] [core:notice] [pid 1] AH00094: Command line: 'apache2 -D FOREGROUND'
[Sat Nov 16 09:54:24.549107 2024] [mpm_prefork:notice] [pid 1] AH00169: caught SIGTERM, shutting down
AH00558: apache2: Could not reliably determine the server's fully qualified domain name, using 172.18.0.2. Set the 'ServerName' directive globally to suppress this message
[Sat Nov 16 09:54:25.118592 2024] [mpm_prefork:notice] [pid 1] AH00163: Apache/2.4.25 (Debian) PHP/5.6.40 configured -- resuming normal operations
[Sat Nov 16 09:54:25.118655 2024] [core:notice] [pid 1] AH00094: Command line: 'apache2 -D FOREGROUND'
[Sat Nov 16 10:01:36.250110 2024] [mpm_prefork:notice] [pid 1] AH00169: caught SIGTERM, shutting down
AH00558: apache2: Could not reliably determine the server's fully qualified domain name, using 172.18.0.2. Set the 'ServerName' directive globally to suppress this message
[Sat Nov 16 10:01:36.794324 2024] [mpm_prefork:notice] [pid 1] AH00163: Apache/2.4.25 (Debian) PHP/5.6.40 configured -- resuming normal operations
[Sat Nov 16 10:01:36.794851 2024] [core:notice] [pid 1] AH00094: Command line: 'apache2 -D FOREGROUND'
AH00558: apache2: Could not reliably determine the server's fully qualified domain name, using 172.18.0.2. Set the 'ServerName' directive globally to suppress this message
[Sat Nov 16 12:58:07.846349 2024] [mpm_prefork:notice] [pid 1] AH00163: Apache/2.4.25 (Debian) PHP/5.6.40 configured -- resuming normal operations
[Sat Nov 16 12:58:07.846854 2024] [core:notice] [pid 1] AH00094: Command line: 'apache2 -D FOREGROUND'
[Sat Nov 16 13:46:10.756479 2024] [mpm_prefork:notice] [pid 1] AH00169: caught SIGTERM, shutting down
AH00558: apache2: Could not reliably determine the server's fully qualified domain name, using 172.18.0.2. Set the 'ServerName' directive globally to suppress this message
[Sat Nov 16 13:46:11.303404 2024] [mpm_prefork:notice] [pid 1] AH00163: Apache/2.4.25 (Debian) PHP/5.6.40 configured -- resuming normal operations
[Sat Nov 16 13:46:11.303485 2024] [core:notice] [pid 1] AH00094: Command line: 'apache2 -D FOREGROUND'
[Sat Nov 16 13:51:23.382123 2024] [mpm_prefork:notice] [pid 1] AH00169: caught SIGTERM, shutting down
AH00558: apache2: Could not reliably determine the server's fully qualified domain name, using 172.18.0.2. Set the 'ServerName' directive globally to suppress this message
[Sat Nov 16 13:51:23.881337 2024] [mpm_prefork:notice] [pid 1] AH00163: Apache/2.4.25 (Debian) PHP/5.6.40 configured -- resuming normal operations
[Sat Nov 16 13:51:23.881412 2024] [core:notice] [pid 1] AH00094: Command line: 'apache2 -D FOREGROUND'
[Sat Nov 16 13:59:39.053212 2024] [mpm_prefork:notice] [pid 1] AH00169: caught SIGTERM, shutting down
AH00558: apache2: Could not reliably determine the server's fully qualified domain name, using 172.18.0.2. Set the 'ServerName' directive globally to suppress this message
[Sat Nov 16 13:59:39.613001 2024] [mpm_prefork:notice] [pid 1] AH00163: Apache/2.4.25 (Debian) PHP/5.6.40 configured -- resuming normal operations
[Sat Nov 16 13:59:39.613111 2024] [core:notice] [pid 1] AH00094: Command line: 'apache2 -D FOREGROUND'
[Sat Nov 16 14:04:55.552762 2024] [mpm_prefork:notice] [pid 1] AH00169: caught SIGTERM, shutting down
AH00558: apache2: Could not reliably determine the server's fully qualified domain name, using 172.18.0.2. Set the 'ServerName' directive globally to suppress this message
[Sat Nov 16 14:04:56.049640 2024] [mpm_prefork:notice] [pid 1] AH00163: Apache/2.4.25 (Debian) PHP/5.6.40 configured -- resuming normal operations
[Sat Nov 16 14:04:56.049869 2024] [core:notice] [pid 1] AH00094: Command line: 'apache2 -D FOREGROUND'
[Sat Nov 16 14:16:32.575993 2024] [mpm_prefork:notice] [pid 1] AH00169: caught SIGTERM, shutting down
AH00558: apache2: Could not reliably determine the server's fully qualified domain name, using 172.18.0.2. Set the 'ServerName' directive globally to suppress this message
[Sat Nov 16 14:16:33.073820 2024] [mpm_prefork:notice] [pid 1] AH00163: Apache/2.4.25 (Debian) PHP/5.6.40 configured -- resuming normal operations
[Sat Nov 16 14:16:33.074046 2024] [core:notice] [pid 1] AH00094: Command line: 'apache2 -D FOREGROUND'
[Sat Nov 16 14:21:32.612696 2024] [mpm_prefork:notice] [pid 1] AH00169: caught SIGTERM, shutting down
AH00558: apache2: Could not reliably determine the server's fully qualified domain name, using 172.18.0.2. Set the 'ServerName' directive globally to suppress this message
[Sat Nov 16 14:21:33.157782 2024] [mpm_prefork:notice] [pid 1] AH00163: Apache/2.4.25 (Debian) PHP/5.6.40 configured -- resuming normal operations
[Sat Nov 16 14:21:33.157852 2024] [core:notice] [pid 1] AH00094: Command line: 'apache2 -D FOREGROUND'
[Sat Nov 16 14:25:50.360340 2024] [mpm_prefork:notice] [pid 1] AH00169: caught SIGTERM, shutting down
AH00558: apache2: Could not reliably determine the server's fully qualified domain name, using 172.18.0.2. Set the 'ServerName' directive globally to suppress this message
[Sat Nov 16 14:25:51.351391 2024] [mpm_prefork:notice] [pid 1] AH00163: Apache/2.4.25 (Debian) PHP/5.6.40 configured -- resuming normal operations
[Sat Nov 16 14:25:51.351479 2024] [core:notice] [pid 1] AH00094: Command line: 'apache2 -D FOREGROUND'
[Sat Nov 16 14:32:30.268203 2024] [mpm_prefork:notice] [pid 1] AH00169: caught SIGTERM, shutting down
AH00558: apache2: Could not reliably determine the server's fully qualified domain name, using 172.18.0.2. Set the 'ServerName' directive globally to suppress this message
[Sat Nov 16 14:32:31.242158 2024] [mpm_prefork:notice] [pid 1] AH00163: Apache/2.4.25 (Debian) PHP/5.6.40 configured -- resuming normal operations
[Sat Nov 16 14:32:31.242226 2024] [core:notice] [pid 1] AH00094: Command line: 'apache2 -D FOREGROUND'
[Sat Nov 16 14:42:44.396522 2024] [mpm_prefork:notice] [pid 1] AH00169: caught SIGTERM, shutting down
AH00558: apache2: Could not reliably determine the server's fully qualified domain name, using 172.18.0.2. Set the 'ServerName' directive globally to suppress this message
[Sat Nov 16 14:42:45.430028 2024] [mpm_prefork:notice] [pid 1] AH00163: Apache/2.4.25 (Debian) PHP/5.6.40 configured -- resuming normal operations
[Sat Nov 16 14:42:45.430139 2024] [core:notice] [pid 1] AH00094: Command line: 'apache2 -D FOREGROUND'
[Sat Nov 16 14:55:30.002913 2024] [mpm_prefork:notice] [pid 1] AH00169: caught SIGTERM, shutting down
AH00558: apache2: Could not reliably determine the server's fully qualified domain name, using 172.18.0.2. Set the 'ServerName' directive globally to suppress this message
PHP Warning:  PHP Startup: Unable to load dynamic library '/usr/local/lib/php/extensions/no-debug-non-zts-20131226/php_soap.dll' - /usr/local/lib/php/extensions/no-debug-non-zts-20131226/php_soap.dll: cannot open shared object file: No such file or directory in Unknown on line 0
[Sat Nov 16 14:55:31.068004 2024] [mpm_prefork:notice] [pid 1] AH00163: Apache/2.4.25 (Debian) PHP/5.6.40 configured -- resuming normal operations
[Sat Nov 16 14:55:31.068084 2024] [core:notice] [pid 1] AH00094: Command line: 'apache2 -D FOREGROUND'
[Sat Nov 16 15:04:29.277860 2024] [mpm_prefork:notice] [pid 1] AH00169: caught SIGTERM, shutting down
AH00558: apache2: Could not reliably determine the server's fully qualified domain name, using 172.18.0.2. Set the 'ServerName' directive globally to suppress this message
PHP Warning:  PHP Startup: Unable to load dynamic library '/usr/local/lib/php/extensions/no-debug-non-zts-20131226/php_soap.dll' - /usr/local/lib/php/extensions/no-debug-non-zts-20131226/php_soap.dll: cannot open shared object file: No such file or directory in Unknown on line 0
[Sat Nov 16 15:04:29.843167 2024] [mpm_prefork:notice] [pid 1] AH00163: Apache/2.4.25 (Debian) PHP/5.6.40 configured -- resuming normal operations
[Sat Nov 16 15:04:29.843232 2024] [core:notice] [pid 1] AH00094: Command line: 'apache2 -D FOREGROUND'
[Sat Nov 16 15:06:18.081730 2024] [mpm_prefork:notice] [pid 1] AH00169: caught SIGTERM, shutting down
AH00558: apache2: Could not reliably determine the server's fully qualified domain name, using 172.18.0.2. Set the 'ServerName' directive globally to suppress this message
PHP Warning:  PHP Startup: Unable to load dynamic library '/usr/local/lib/php/extensions/no-debug-non-zts-20131226/php_soap.so' - /usr/local/lib/php/extensions/no-debug-non-zts-20131226/php_soap.so: cannot open shared object file: No such file or directory in Unknown on line 0
[Sat Nov 16 15:06:18.670881 2024] [mpm_prefork:notice] [pid 1] AH00163: Apache/2.4.25 (Debian) PHP/5.6.40 configured -- resuming normal operations
[Sat Nov 16 15:06:18.670966 2024] [core:notice] [pid 1] AH00094: Command line: 'apache2 -D FOREGROUND'
[Sat Nov 16 15:06:24.647472 2024] [mpm_prefork:notice] [pid 1] AH00169: caught SIGTERM, shutting down
AH00558: apache2: Could not reliably determine the server's fully qualified domain name, using 172.18.0.2. Set the 'ServerName' directive globally to suppress this message
PHP Warning:  PHP Startup: Unable to load dynamic library '/usr/local/lib/php/extensions/no-debug-non-zts-20131226/php_soap.so' - /usr/local/lib/php/extensions/no-debug-non-zts-20131226/php_soap.so: cannot open shared object file: No such file or directory in Unknown on line 0
[Sat Nov 16 15:06:25.214525 2024] [mpm_prefork:notice] [pid 1] AH00163: Apache/2.4.25 (Debian) PHP/5.6.40 configured -- resuming normal operations
[Sat Nov 16 15:06:25.214629 2024] [core:notice] [pid 1] AH00094: Command line: 'apache2 -D FOREGROUND'
[Sat Nov 16 15:08:04.780192 2024] [mpm_prefork:notice] [pid 1] AH00169: caught SIGTERM, shutting down
AH00558: apache2: Could not reliably determine the server's fully qualified domain name, using 172.18.0.2. Set the 'ServerName' directive globally to suppress this message
[Sat Nov 16 15:08:05.363633 2024] [mpm_prefork:notice] [pid 1] AH00163: Apache/2.4.25 (Debian) PHP/5.6.40 configured -- resuming normal operations
[Sat Nov 16 15:08:05.363710 2024] [core:notice] [pid 1] AH00094: Command line: 'apache2 -D FOREGROUND'
[Sat Nov 16 15:22:38.268137 2024] [mpm_prefork:notice] [pid 1] AH00169: caught SIGTERM, shutting down
AH00558: apache2: Could not reliably determine the server's fully qualified domain name, using 172.18.0.2. Set the 'ServerName' directive globally to suppress this message
[Sat Nov 16 15:22:38.864498 2024] [mpm_prefork:notice] [pid 1] AH00163: Apache/2.4.25 (Debian) PHP/5.6.40 configured -- resuming normal operations
[Sat Nov 16 15:22:38.864577 2024] [core:notice] [pid 1] AH00094: Command line: 'apache2 -D FOREGROUND'
[Sat Nov 16 15:23:11.770065 2024] [mpm_prefork:notice] [pid 1] AH00169: caught SIGTERM, shutting down
AH00558: apache2: Could not reliably determine the server's fully qualified domain name, using 172.18.0.2. Set the 'ServerName' directive globally to suppress this message
PHP Warning:  PHP Startup: Unable to load dynamic library '/usr/local/lib/php/extensions/no-debug-non-zts-20131226/pdo_oci8.so' - /usr/local/lib/php/extensions/no-debug-non-zts-20131226/pdo_oci8.so: cannot open shared object file: No such file or directory in Unknown on line 0
[Sat Nov 16 15:23:12.364506 2024] [mpm_prefork:notice] [pid 1] AH00163: Apache/2.4.25 (Debian) PHP/5.6.40 configured -- resuming normal operations
[Sat Nov 16 15:23:12.364583 2024] [core:notice] [pid 1] AH00094: Command line: 'apache2 -D FOREGROUND'
[Sat Nov 16 15:26:41.255574 2024] [mpm_prefork:notice] [pid 1] AH00169: caught SIGTERM, shutting down
AH00558: apache2: Could not reliably determine the server's fully qualified domain name, using 172.18.0.2. Set the 'ServerName' directive globally to suppress this message
PHP Warning:  PHP Startup: Unable to load dynamic library '/usr/local/lib/php/extensions/no-debug-non-zts-20131226/php_pdo_oci.dll' - /usr/local/lib/php/extensions/no-debug-non-zts-20131226/php_pdo_oci.dll: cannot open shared object file: No such file or directory in Unknown on line 0
[Sat Nov 16 15:26:41.829800 2024] [mpm_prefork:notice] [pid 1] AH00163: Apache/2.4.25 (Debian) PHP/5.6.40 configured -- resuming normal operations
[Sat Nov 16 15:26:41.829869 2024] [core:notice] [pid 1] AH00094: Command line: 'apache2 -D FOREGROUND'
[Sat Nov 16 15:28:04.707116 2024] [mpm_prefork:notice] [pid 1] AH00169: caught SIGTERM, shutting down
AH00558: apache2: Could not reliably determine the server's fully qualified domain name, using 172.18.0.2. Set the 'ServerName' directive globally to suppress this message
[Sat Nov 16 15:28:05.296580 2024] [mpm_prefork:notice] [pid 1] AH00163: Apache/2.4.25 (Debian) PHP/5.6.40 configured -- resuming normal operations
[Sat Nov 16 15:28:05.296810 2024] [core:notice] [pid 1] AH00094: Command line: 'apache2 -D FOREGROUND'
[Sat Nov 16 15:50:04.717677 2024] [mpm_prefork:notice] [pid 1] AH00169: caught SIGTERM, shutting down
AH00558: apache2: Could not reliably determine the server's fully qualified domain name, using 172.18.0.2. Set the 'ServerName' directive globally to suppress this message
[Sat Nov 16 15:50:05.273397 2024] [mpm_prefork:notice] [pid 1] AH00163: Apache/2.4.25 (Debian) PHP/5.6.40 configured -- resuming normal operations
[Sat Nov 16 15:50:05.273485 2024] [core:notice] [pid 1] AH00094: Command line: 'apache2 -D FOREGROUND'
AH00558: apache2: Could not reliably determine the server's fully qualified domain name, using 172.18.0.2. Set the 'ServerName' directive globally to suppress this message
[Mon Nov 18 19:16:29.366695 2024] [mpm_prefork:notice] [pid 1] AH00163: Apache/2.4.25 (Debian) PHP/5.6.40 configured -- resuming normal operations
[Mon Nov 18 19:16:29.366760 2024] [core:notice] [pid 1] AH00094: Command line: 'apache2 -D FOREGROUND'
